<?xml version="1.0" encoding="UTF-8"?>
<!-- Generated by org.testng.reporters.JUnitReportReporter -->
<testsuite hostname="DESKTOP-H21MM63" name="Selenium_Pravallika_maven.Selenium_Pravallika_maven.TestNG1" tests="1" failures="0" timestamp="29 Mar 2021 13:42:32 GMT" time="0.037" errors="0">
  <testcase name="LoginTC" time="0.037" classname="Selenium_Pravallika_maven.Selenium_Pravallika_maven.TestNG1"/>
</testsuite> <!-- Selenium_Pravallika_maven.Selenium_Pravallika_maven.TestNG1 -->
