<?xml version="1.0" encoding="UTF-8"?>
<!-- Generated by org.testng.reporters.JUnitReportReporter -->
<testsuite hostname="DESKTOP-H21MM63" name="Selenium_Pravallika_maven.Selenium_Pravallika_maven.TestNGWebDriver" tests="2" failures="0" timestamp="29 Mar 2021 13:42:32 GMT" time="31.465" errors="0">
  <testcase name="invokeBrowser" time="26.252" classname="Selenium_Pravallika_maven.Selenium_Pravallika_maven.TestNGWebDriver"/>
  <testcase name="closeBroser" time="5.213" classname="Selenium_Pravallika_maven.Selenium_Pravallika_maven.TestNGWebDriver"/>
</testsuite> <!-- Selenium_Pravallika_maven.Selenium_Pravallika_maven.TestNGWebDriver -->
