<?xml version="1.0" encoding="UTF-8"?>
<!-- Generated by org.testng.reporters.JUnitReportReporter -->
<testsuite hostname="DESKTOP-H21MM63" name="Selenium_Pravallika_maven.Selenium_Pravallika_maven.Assert" tests="1" failures="0" timestamp="23 Jun 2021 14:19:37 GMT" time="0.020" errors="0">
  <testcase name="validate" time="0.020" classname="Selenium_Pravallika_maven.Selenium_Pravallika_maven.Assert"/>
</testsuite> <!-- Selenium_Pravallika_maven.Selenium_Pravallika_maven.Assert -->
